TN:
SF:src/DelegateStaking.sol
FN:33,DelegateStaking._delegate721
FNDA:7,DelegateStaking._delegate721
DA:39,7
BRDA:39,0,0,-
BRDA:39,0,1,6
DA:40,6
DA:44,7
DA:59,7
FN:63,DelegateStaking._stake721
FNDA:7,DelegateStaking._stake721
DA:69,7
DA:71,7
DA:72,7
FN:76,DelegateStaking._revoke721
FNDA:2,DelegateStaking._revoke721
DA:77,2
DA:78,2
FN:82,DelegateStaking._remove721
FNDA:2,DelegateStaking._remove721
DA:84,2
DA:86,2
DA:88,2
DA:90,2
DA:91,2
FN:95,DelegateStaking._unstake721
FNDA:3,DelegateStaking._unstake721
DA:101,3
DA:103,3
BRDA:103,1,0,1
BRDA:103,1,1,2
DA:104,1
DA:107,2
DA:109,2
BRDA:109,2,0,-
BRDA:109,2,1,1
DA:110,1
DA:112,2
FN:116,DelegateStaking.onERC721Received
FNDA:7,DelegateStaking.onERC721Received
DA:122,7
FNF:6
FNH:6
LF:22
LH:22
BRF:6
BRH:4
end_of_record
TN:
SF:src/DelegateTokenLib.sol
FN:83,DelegateTokenHelpers.revertOnCallingInvalidFlashloan
FNDA:0,DelegateTokenHelpers.revertOnCallingInvalidFlashloan
DA:84,0
BRDA:84,0,0,-
BRDA:84,0,1,-
DA:85,0
FN:88,DelegateTokenHelpers.revertOnInvalidERC721ReceiverCallback
FNDA:0,DelegateTokenHelpers.revertOnInvalidERC721ReceiverCallback
DA:89,0
BRDA:89,1,0,-
BRDA:89,1,1,-
DA:90,0
FN:93,DelegateTokenHelpers.revertOnInvalidERC721ReceiverCallback
FNDA:0,DelegateTokenHelpers.revertOnInvalidERC721ReceiverCallback
DA:94,0
BRDA:94,2,0,-
BRDA:94,2,1,-
DA:95,0
FN:99,DelegateTokenHelpers.revertOldExpiry
FNDA:0,DelegateTokenHelpers.revertOldExpiry
DA:101,0
BRDA:101,3,0,-
BRDA:101,3,1,-
DA:102,0
FN:105,DelegateTokenHelpers.delegateIdNoRevert
FNDA:0,DelegateTokenHelpers.delegateIdNoRevert
DA:106,0
FNF:5
FNH:0
LF:9
LH:0
BRF:8
BRH:0
end_of_record
TN:
SF:test/DelegateStakingHarness.sol
FN:10,DelegateStakingHarness.get_dt
FNDA:3,DelegateStakingHarness.get_dt
DA:11,3
FN:13,DelegateStakingHarness.get_salt
FNDA:7,DelegateStakingHarness.get_salt
DA:14,7
FN:16,DelegateStakingHarness.get_delegateIds
FNDA:5,DelegateStakingHarness.get_delegateIds
DA:17,5
FN:19,DelegateStakingHarness.get_delegateExpiry
FNDA:5,DelegateStakingHarness.get_delegateExpiry
DA:20,5
FN:22,DelegateStakingHarness.get_revokeStatus
FNDA:1,DelegateStakingHarness.get_revokeStatus
DA:23,1
FN:26,DelegateStakingHarness.stake721
FNDA:7,DelegateStakingHarness.stake721
DA:31,7
FN:34,DelegateStakingHarness.revoke721
FNDA:2,DelegateStakingHarness.revoke721
DA:35,2
FN:38,DelegateStakingHarness.unstake721
FNDA:3,DelegateStakingHarness.unstake721
DA:43,3
FNF:8
FNH:8
LF:8
LH:8
BRF:0
BRH:0
end_of_record
